
> clinician-loan-optimizer-server@1.0.0 dev
> nodemon src/index.js

[33m[nodemon] 3.1.10[39m
[33m[nodemon] to restart at any time, enter `rs`[39m
[33m[nodemon] watching path(s): *.*[39m
[33m[nodemon] watching extensions: js,mjs,cjs,json[39m
[32m[nodemon] starting `node src/index.js`[39m
📧 Email service not configured - missing SMTP credentials
💡 To enable email: Set SMTP_USER and SMTP_PASS in your .env file
✅ Stripe service initialized
🚀 Server running on http://localhost:4545
📊 Health check available at http://localhost:4545/api/health
[32m[nodemon] restarting due to changes...[39m
[32m[nodemon] starting `node src/index.js`[39m
📧 Email service not configured - missing SMTP credentials
💡 To enable email: Set SMTP_USER and SMTP_PASS in your .env file
✅ Stripe service initialized
node:events:485
      throw er; // Unhandled 'error' event
      ^

Error: listen EADDRINUSE: address already in use :::4545
    at Server.setupListenHandle [as _listen2] (node:net:1940:16)
    at listenInCluster (node:net:1997:12)
    at Server.listen (node:net:2102:7)
    at app.listen (/Users/pepdekker/Documents/Clinicians Wealth/web app/clinician-loan-optimizer/node_modules/express/lib/application.js:635:24)
    at file:///Users/pepdekker/Documents/Clinicians%20Wealth/web%20app/clinician-loan-optimizer/server/src/index.js:46:5
    at ModuleJob.run (node:internal/modules/esm/module_job:370:25)
    at process.processTicksAndRejections (node:internal/process/task_queues:105:5)
    at async onImport.tracePromise.__proto__ (node:internal/modules/esm/loader:665:26)
    at async asyncRunEntryPointWithESMLoader (node:internal/modules/run_main:99:5)
Emitted 'error' event on Server instance at:
    at emitErrorNT (node:net:1976:8)
    at process.processTicksAndRejections (node:internal/process/task_queues:90:21) {
  code: 'EADDRINUSE',
  errno: -48,
  syscall: 'listen',
  address: '::',
  port: 4545
}

Node.js v24.4.1
[31m[nodemon] app crashed - waiting for file changes before starting...[39m
[32m[nodemon] restarting due to changes...[39m
[32m[nodemon] starting `node src/index.js`[39m
📧 Email service not configured - missing SMTP credentials
💡 To enable email: Set SMTP_USER and SMTP_PASS in your .env file
✅ Stripe service initialized
node:events:485
      throw er; // Unhandled 'error' event
      ^

Error: listen EADDRINUSE: address already in use :::4545
    at Server.setupListenHandle [as _listen2] (node:net:1940:16)
    at listenInCluster (node:net:1997:12)
    at Server.listen (node:net:2102:7)
    at app.listen (/Users/pepdekker/Documents/Clinicians Wealth/web app/clinician-loan-optimizer/node_modules/express/lib/application.js:635:24)
    at file:///Users/pepdekker/Documents/Clinicians%20Wealth/web%20app/clinician-loan-optimizer/server/src/index.js:46:5
    at ModuleJob.run (node:internal/modules/esm/module_job:370:25)
    at process.processTicksAndRejections (node:internal/process/task_queues:105:5)
    at async onImport.tracePromise.__proto__ (node:internal/modules/esm/loader:665:26)
    at async asyncRunEntryPointWithESMLoader (node:internal/modules/run_main:99:5)
Emitted 'error' event on Server instance at:
    at emitErrorNT (node:net:1976:8)
    at process.processTicksAndRejections (node:internal/process/task_queues:90:21) {
  code: 'EADDRINUSE',
  errno: -48,
  syscall: 'listen',
  address: '::',
  port: 4545
}

Node.js v24.4.1
[31m[nodemon] app crashed - waiting for file changes before starting...[39m
[32m[nodemon] restarting due to changes...[39m
[32m[nodemon] starting `node src/index.js`[39m
[32m[nodemon] restarting due to changes...[39m
[32m[nodemon] starting `node src/index.js`[39m
📧 Email service not configured - missing SMTP credentials
💡 To enable email: Set SMTP_USER and SMTP_PASS in your .env file
✅ Stripe service initialized
node:events:485
      throw er; // Unhandled 'error' event
      ^

Error: listen EADDRINUSE: address already in use :::4545
    at Server.setupListenHandle [as _listen2] (node:net:1940:16)
    at listenInCluster (node:net:1997:12)
    at Server.listen (node:net:2102:7)
    at app.listen (/Users/pepdekker/Documents/Clinicians Wealth/web app/clinician-loan-optimizer/node_modules/express/lib/application.js:635:24)
    at file:///Users/pepdekker/Documents/Clinicians%20Wealth/web%20app/clinician-loan-optimizer/server/src/index.js:46:5
    at ModuleJob.run (node:internal/modules/esm/module_job:370:25)
    at process.processTicksAndRejections (node:internal/process/task_queues:105:5)
    at async onImport.tracePromise.__proto__ (node:internal/modules/esm/loader:665:26)
    at async asyncRunEntryPointWithESMLoader (node:internal/modules/run_main:99:5)
Emitted 'error' event on Server instance at:
    at emitErrorNT [32m[nodemon] restarting due to changes...[39m
[32m[nodemon] starting `node src/index.js`[39m
📧 Email service not configured - missing SMTP credentials
💡 To enable email: Set SMTP_USER and SMTP_PASS in your .env file
✅ Stripe service initialized
node:events:485
      throw er; // Unhandled 'error' event
      ^

Error: listen EADDRINUSE: address already in use :::4545
    at Server.setupListenHandle [as _listen2] (node:net:1940:16)
    at listenInCluster (node:net:1997:12)
    at Server.listen (node:net:2102:7)
    at app.listen (/Users/pepdekker/Documents/Clinicians Wealth/web app/clinician-loan-optimizer/node_modules/express/lib/application.js:635:24)
    at file:///Users/pepdekker/Documents/Clinicians%20Wealth/web%20app/clinician-loan-optimizer/server/src/index.js:46:5
    at ModuleJob.run (node:internal/modules/esm/module_job:370:25)
    at process.processTicksAndRejections (node:internal/process/task_queues:105:5)
    at async onImport.tracePromise.__proto__ (node:internal/modules/esm/loader:665:26)
    at async asyncRunEntryPointWithESMLoader (node:internal/modules/run_main:99:5)
Emitted 'error' event on Server instance at:
    at emitErrorNT (node:net:1976:8)
    at process.processTicksAndRejections (node:internal/process/task_queues:90:21) {
  code: 'EADDRINUSE',
  errno: -48,
  syscall: 'listen',
  address: '::',
  port: 4545
}

Node.js v24.4.1
[31m[nodemon] app crashed - waiting for file changes before starting...[39m
[32m[nodemon] restarting due to changes...[39m
[32m[nodemon] starting `node src/index.js`[39m
📧 Email service not configured - missing SMTP credentials
💡 To enable email: Set SMTP_USER and SMTP_PASS in your .env file
✅ Stripe service initialized
🚀 Server running on http://localhost:4545
📊 Health check available at http://localhost:4545/api/health
[32m[nodemon] restarting due to changes...[39m
[32m[nodemon] starting `node src/index.js`[39m
📧 Email service not configured - missing SMTP credentials
💡 To enable email: Set SMTP_USER and SMTP_PASS in your .env file
✅ Stripe service initialized
node:events:485
      throw er; // Unhandled 'error' event
      ^

Error: listen EADDRINUSE: address already in use :::4545
    at Server.setupListenHandle [as _listen2] (node:net:1940:16)
    at listenInCluster (node:net:1997:12)
    at Server.listen (node:net:2102:7)
    at app.listen (/Users/pepdekker/Documents/Clinicians Wealth/web app/clinician-loan-optimizer/node_modules/express/lib/application.js:635:24)
    at file:///Users/pepdekker/Documents/Clinicians%20Wealth/web%20app/clinician-loan-optimizer/server/src/index.js:46:5
    at ModuleJob.run (node:internal/modules/esm/module_job:370:25)
    at process.processTicksAndRejections (node:internal/process/task_queues:105:5)
    at async onImport.tracePromise.__proto__ (node:internal/modules/esm/loader:665:26)
    at async asyncRunEntryPointWithESMLoader (node:internal/modules/run_main:99:5)
Emitted 'error' event on Server instance at:
    at emitErrorNT (node:net:1976:8)
    at process.processTicksAndRejections (node:internal/process/task_queues:90:21) {
  code: 'EADDRINUSE',
  errno: -48,
  syscall: 'listen',
  address: '::',
  port: 4545
}

Node.js v24.4.1
[31m[nodemon] app crashed - waiting for file changes before starting...[39m
[32m[nodemon] restarting due to changes...[39m
[32m[nodemon] starting `node src/index.js`[39m
📧 Email service not configured - missing SMTP credentials
💡 To enable email: Set SMTP_USER and SMTP_PASS in your .env file
✅ Stripe service initialized
🚀 Server running on http://localhost:4545
📊 Health check available at http://localhost:4545/api/health
[32m[nodemon] restarting due to changes...[39m
[32m[nodemon] starting `node src/index.js`[39m
📧 Email service not configured - missing SMTP credentials
💡 To enable email: Set SMTP_USER and SMTP_PASS in your .env file
✅ Stripe service initialized
node:events:485
      throw er; // Unhandled 'error' event
      ^

Error: listen EADDRINUSE: address already in use :::4545
    at Server.setupListenHandle [as _listen2] (node:net:1940:16)
    at listenInCluster (node:net:1997:12)
    at Server.listen (node:net:2102:7)
    at app.listen (/Users/pepdekker/Documents/Clinicians Wealth/web app/clinician-loan-optimizer/node_modules/express/lib/application.js:635:24)
    at file:///Users/pepdekker/Documents/Clinicians%20Wealth/web%20app/clinician-loan-optimizer/server/src/index.js:46:5
    at ModuleJob.run (node:internal/modules/esm/module_job:370:25)
    at process.processTicksAndRejections (node:internal/process/task_queues:105:5)
    at async onImport.tracePromise.__proto__ (node:internal/modules/esm/loader:665:26)
    at async asyncRunEntryPointWithESMLoader (node:internal/modules/run_main:99:5)
Emitted 'error' event on Server instance at:
    at emitErrorNT (node:net:1976:8)
    at process.processTicksAndRejections (node:internal/process/task_queues:90:21) {
  code: 'EADDRINUSE',
  errno: -48,
  syscall: 'listen',
  address: '::',
  port: 4545
}

Node.js v24.4.1
[31m[nodemon] app crashed - waiting for file changes before starting...[39m
[32m[nodemon] restarting due to changes...[39m
[32m[nodemon] starting `node src/index.js`[39m
📧 Email service not configured - missing SMTP credentials
💡 To enable email: Set SMTP_USER and SMTP_PASS in your .env file
✅ Stripe service initialized
node:events:485
      throw er; // Unhandled 'error' event
      ^

Error: listen EADDRINUSE: address already in use :::4545
    at Server.setupListenHandle [as _listen2] (node:net:1940:16)
    at listenInCluster (node:net:1997:12)
    at Server.listen (node:net:2102:7)
    at app.listen (/Users/pepdekker/Documents/Clinicians Wealth/web app/clinician-loan-optimizer/node_modules/express/lib/application.js:635:24)
    at file:///Users/pepdekker/Documents/Clinicians%20Wealth/web%20app/clinician-loan-optimizer/server/src/index.js:46:5
    at ModuleJob.run (node:internal/modules/esm/module_job:370:25)
    at process.processTicksAndRejections (node:internal/process/task_queues:105:5)
    at async onImport.tracePromise.__proto__ (node:internal/modules/esm/loader:665:26)
    at async asyncRunEntryPointWithESMLoader (node:internal/modules/run_main:99:5)
Emitted 'error' event on Server instance at:
    at emitErrorNT (node:net:1976:8)
    at process.processTicksAndRejections (node:internal/process/task_queues:90:21) {
  code: 'EADDRINUSE',
  errno: -48,
  syscall: 'listen',
  address: '::',
  port: 4545
}

Node.js v24.4.1
[31m[nodemon] app crashed - waiting for file changes before starting...[39m
[32m[nodemon] restarting due to changes...[39m
[32m[nodemon] starting `node src/index.js`[39m
📧 Email service not configured - missing SMTP credentials
💡 To enable email: Set SMTP_USER and SMTP_PASS in your .env file
✅ Stripe service initialized
🚀 Server running on http://localhost:4545
📊 Health check available at http://localhost:4545/api/health
[32m[nodemon] restarting due to changes...[39m
[32m[nodemon] starting `node src/index.js`[39m
📧 Email service not configured - missing SMTP credentials
💡 To enable email: Set SMTP_USER and SMTP_PASS in your .env file
✅ Stripe service initialized
node:events:485
      throw er; // Unhandled 'error' event
      ^

Error: listen EADDRINUSE: address already in use :::4545
    at Server.setupListenHandle [as _listen2] (node:net:1940:16)
    at listenInCluster (node:net:1997:12)
    at Server.listen (node:net:2102:7)
    at app.listen (/Users/pepdekker/Documents/Clinicians Wealth/web app/clinician-loan-optimizer/node_modules/express/lib/application.js:635:24)
    at file:///Users/pepdekker/Documents/Clinicians%20Wealth/web%20app/clinician-loan-optimizer/server/src/index.js:46:5
    at ModuleJob.run (node:internal/modules/esm/module_job:370:25)
    at process.processTicksAndRejections (node:internal/process/task_queues:105:5)
    at async onImport.tracePromise.__proto__ (node:internal/modules/esm/loader:665:26)
    at async asyncRunEntryPointWithESMLoader (node:internal/modules/run_main:99:5)
Emitted 'error' event on Server instance at:
    at emitErrorNT (node:net:1976:8)
    at process.processTicksAndRejections (node:internal/process/task_queues:90:21) {
  code: 'EADDRINUSE',
  errno: -48,
  syscall: 'listen',
  address: '::',
  port: 4545
}

Node.js v24.4.1
[31m[nodemon] app crashed - waiting for file changes before starting...[39m
n (node:internal/modules/esm/module_job:370:25)
    at process.processTicksAndRejections (node:internal/process/task_queues:105:5)
    at async onImport.tracePromise.__proto__ (node:internal/modules/esm/loader:665:26)
    at async asyncRunEntryPointWithESMLoader (node:internal/modules/run_main:99:5)
Emitted 'error' event on Server instance at:
    at emitErrorNT (node:net:1976:8)
    at process.processTicksAndRejections (node:internal/process/task_queues:90:21) {
  code: 'EADDRINUSE',
  errno: -48,
  syscall: 'listen',
  address: '::',
  port: 4545
}

Node.js v24.4.1
[31m[nodemon] app crashed - waiting for file changes before starting...[39m
[32m[nodemon] restarting due to changes...[39m
[32m[nodemon] starting `node src/index.js`[39m
📧 Email service not configured - missing SMTP credentials
💡 To enable email: Set SMTP_USER and SMTP_PASS in your .env file
✅ Stripe service initialized
node:events:485
      throw er; // Unhandled 'error' event
      ^

Error: listen EADDRINUSE: address already in use :::4545
    at Server.setupListenHandle [as _listen2] (node:net:1940:16)
    at listenInCluster (node:net:1997:12)
    at Server.listen (node:net:2102:7)
    at app.listen (/Users/pepdekker/Documents/Clinicians Wealth/web app/clinician-loan-optimizer/node_modules/express/lib/application.js:635:24)
    at file:///Users/pepdekker/Documents/Clinicians%20Wealth/web%20app/clinician-loan-optimizer/server/src/index.js:46:5
    at ModuleJob.run (node:internal/modules/esm/module_job:370:25)
    at process.processTicksAndRejections (node:internal/process/task_queues:105:5)
    at async onImport.tracePromise.__proto__ (node:internal/modules/esm/loader:665:26)
    at async asyncRunEntryPointWithESMLoader (node:internal/modules/run_main:99:5)
Emitted 'error' event on Server instance at:
    at emitErrorNT (node:net:1976:8)
    at process.processTicksAndRejections (node:internal/process/task_queues:90:21) {
  code: 'EADDRINUSE',
  errno: -48,
  syscall: 'listen',
  address: '::',
  port: 4545
}

Node.js v24.4.1
[31m[nodemon] app crashed - waiting for file changes before starting...[39m
[32m[nodemon] restarting due to changes...[39m
[32m[nodemon] starting `node src/index.js`[39m
📧 Email service not configured - missing SMTP credentials
💡 To enable email: Set SMTP_USER and SMTP_PASS in your .env file
✅ Stripe service initialized
🚀 Server running on http://localhost:4545
📊 Health check available at http://localhost:4545/api/health
[32m[nodemon] restarting due to changes...[39m
[32m[nodemon] starting `node src/index.js`[39m
📧 Email service not configured - missing SMTP credentials
💡 To enable email: Set SMTP_USER and SMTP_PASS in your .env file
✅ Stripe service initialized
node:events:485
      throw er; // Unhandled 'error' event
      ^

Error: listen EADDRINUSE: address already in use :::4545
    at Server.setupListenHandle [as _listen2] (node:net:1940:16)
    at listenInCluster (node:net:1997:12)
    at Server.listen (node:net:2102:7)
    at app.listen (/Users/pepdekker/Documents/Clinicians Wealth/web app/clinician-loan-optimizer/node_modules/express/lib/application.js:635:24)
    at file:///Users/pepdekker/Documents/Clinicians%20Wealth/web%20app/clinician-loan-optimizer/server/src/index.js:46:5
    at ModuleJob.run (node:internal/modules/esm/module_job:370:25)
    at process.processTicksAndRejections (node:internal/process/task_queues:105:5)
    at async onImport.tracePromise.__proto__ (node:internal/modules/esm/loader:665:26)
    at async asyncRunEntryPointWithESMLoader (node:internal/modules/run_main:99:5)
Emitted 'error' event on Server instance at:
    at emitErrorNT (node:net:1976:8)
    at process.processTicksAndRejections (node:internal/process/task_queues:90:21) {
  code: 'EADDRINUSE',
  errno: -48,
  syscall: 'listen',
  address: '::',
  port: 4545
}

Node.js v24.4.1
[31m[nodemon] app crashed - waiting for file changes before starting...[39m
[32m[nodemon] restarting due to changes...[39m
[32m[nodemon] starting `node src/index.js`[39m
📧 Email service not configured - missing SMTP credentials
💡 To enable email: Set SMTP_USER and SMTP_PASS in your .env file
✅ Stripe service initialized
node:events:485
      throw er; // Unhandled 'error' event
      ^

Error: listen EADDRINUSE: address already in use :::4545
    at Server.setupListenHandle [as _listen2] (node:net:1940:16)
    at listenInCluster (node:net:1997:12)
    at Server.listen (node:net:2102:7)
    at app.listen (/Users/pepdekker/Documents/Clinicians Wealth/web app/clinician-loan-optimizer/node_modules/express/lib/application.js:635:24)
    at file:///Users/pepdekker/Documents/Clinicians%20Wealth/web%20app/clinician-loan-optimizer/server/src/index.js:46:5
    at ModuleJob.run (node:internal/modules/esm/module_job:370:25)
    at process.processTicksAndRejections (node:internal/process/task_queues:105:5)
    at async onImport.tracePromise.__proto__ (node:internal/modules/esm/loader:665:26)
    at async asyncRunEntryPointWithESMLoader (node:internal/modules/run_main:99:5)
Emitted 'error' event on Server instance at:
    at emitErrorNT (node:net:1976:8)
    at process.processTicksAndRejections (node:internal/process/task_queues:90:21) {
  code: 'EADDRINUSE',
  errno: -48,
  syscall: 'listen',
  address: '::',
  port: 4545
}

Node.js v24.4.1
[31m[nodemon] app crashed - waiting for file changes before starting...[39m
